(standard input):44143:11-24 15:13:19.507  2035  2075 W ActivityManager: Invalid packageName: com.android.todolist
(standard input):44169:11-24 15:13:37.586  2035  3715 W ActivityManager: Invalid packageName: com.android.todolist
(standard input):47656:11-24 16:11:01.930  2035  2098 V BackupManagerService: restoreAtInstall pkg=com.android.todolist token=3c restoreSet=3f3ff4787edb360e
(standard input):47663:11-24 16:11:02.492  2035  2084 W BroadcastQueue: Background execution not allowed: receiving Intent { act=android.intent.action.PACKAGE_ADDED dat=package:com.android.todolist flg=0x4000011 (has extras) } to com.lbe.security.miui/com.lbe.security.service.BootReceiver
(standard input):47664:11-24 16:11:02.492  2035  2084 W BroadcastQueue: Background execution not allowed: receiving Intent { act=android.intent.action.PACKAGE_ADDED dat=package:com.android.todolist flg=0x4000010 (has extras) } to com.facebook.katana/com.facebook.feed.platformads.AppInstallReceiver
(standard input):47665:11-24 16:11:02.493  2035  2084 W BroadcastQueue: Background execution not allowed: receiving Intent { act=android.intent.action.PACKAGE_ADDED dat=package:com.android.todolist flg=0x4000011 (has extras) } to com.android.settings/.search.provider.UpdateReceiver
(standard input):47666:11-24 16:11:02.493  2035  2084 W BroadcastQueue: Background execution not allowed: receiving Intent { act=android.intent.action.PACKAGE_ADDED dat=package:com.android.todolist flg=0x4000010 (has extras) } to com.microsoft.office.word/com.microsoft.android.crosssell.PackageStateReceiver
(standard input):47667:11-24 16:11:02.493  2035  2084 W BroadcastQueue: Background execution not allowed: receiving Intent { act=android.intent.action.PACKAGE_ADDED dat=package:com.android.todolist flg=0x4000011 (has extras) } to com.android.vending/com.google.android.finsky.packagemanager.impl.PackageMonitorReceiverImpl$RegisteredReceiver
(standard input):47668:11-24 16:11:02.497  2035  2084 W BroadcastQueue: Background execution not allowed: receiving Intent { act=android.intent.action.PACKAGE_ADDED dat=package:com.android.todolist flg=0x4000010 (has extras) } to com.zhiliaoapp.musically/com.ss.android.common.applog.HotsoonReceiver
(standard input):47669:11-24 16:11:02.497  2035  2084 W BroadcastQueue: Background execution not allowed: receiving Intent { act=android.intent.action.PACKAGE_ADDED dat=package:com.android.todolist flg=0x4000011 (has extras) } to com.facebook.appmanager/com.facebook.oxygen.common.packages.event.manifest.ManifestPackageEventReceiver
(standard input):47670:11-24 16:11:02.498  2035  2248 I MiuiCompatModePackages: package com.android.todolist updated, removing config
(standard input):47671:11-24 16:11:02.499  2035  2084 W BroadcastQueue: Background execution not allowed: receiving Intent { act=android.intent.action.PACKAGE_ADDED dat=package:com.android.todolist flg=0x4000011 (has extras) } to com.google.android.gms/.games.chimera.GamesSystemBroadcastReceiverProxy
(standard input):47672:11-24 16:11:02.500  2035  2084 W BroadcastQueue: Background execution not allowed: receiving Intent { act=android.intent.action.PACKAGE_ADDED dat=package:com.android.todolist flg=0x4000011 (has extras) } to com.google.android.gms/.gass.chimera.PackageChangeBroadcastReceiver
(standard input):47673:11-24 16:11:02.500  2035  2084 W BroadcastQueue: Background execution not allowed: receiving Intent { act=android.intent.action.PACKAGE_ADDED dat=package:com.android.todolist flg=0x4000011 (has extras) } to com.google.android.gms/.chimera.GmsIntentOperationService$PersistentTrustedReceiver
(standard input):47674:11-24 16:11:02.500  2035  2084 W BroadcastQueue: Background execution not allowed: receiving Intent { act=android.intent.action.PACKAGE_ADDED dat=package:com.android.todolist flg=0x4000011 (has extras) } to com.google.android.googlequicksearchbox/com.google.android.apps.gsa.googlequicksearchbox.GelStubAppWatcher
(standard input):47682:11-24 16:11:02.819  2035  2902 W BroadcastQueue: Background execution not allowed: receiving Intent { act=android.intent.action.PACKAGE_ADDED dat=package:com.android.todolist flg=0x4000011 (has extras) } to com.miui.global.packageinstaller/.AppInstalledReceiver
(standard input):47683:11-24 16:11:02.820  2035  2084 W BroadcastQueue: Background execution not allowed: receiving Intent { act=android.intent.action.PACKAGE_ADDED dat=package:com.android.todolist flg=0x4000011 (has extras) } to com.miui.micloudsync/.push.MicloudPushServiceReceiver
(standard input):47684:11-24 16:11:02.820  2035  2084 W BroadcastQueue: Background execution not allowed: receiving Intent { act=android.intent.action.PACKAGE_ADDED dat=package:com.android.todolist flg=0x4000011 (has extras) } to com.xiaomi.discover/com.xiaomi.market.data.MyPackageMonitor
(standard input):47685:11-24 16:11:02.820  2035  2084 W BroadcastQueue: Background execution not allowed: receiving Intent { act=android.intent.action.PACKAGE_ADDED dat=package:com.android.todolist flg=0x4000011 (has extras) } to com.xiaomi.providers.appindex/.PackageChangeReceiver
(standard input):47695:11-24 16:11:03.667  2035  2084 W XSpaceManagerService: update XSpace App: packageName:com.android.todolist, user:UserHandle{0}, action:android.intent.action.PACKAGE_ADDED
(standard input):48069:11-24 16:38:10.854  2035  2084 I ActivityManager: Force stopping com.android.todolist appid=10167 user=-1: deletePackageX
(standard input):48072:11-24 16:38:11.697  2035  2098 I ActivityManager: Force stopping com.android.todolist appid=10167 user=0: pkg removed
(standard input):48073:11-24 16:38:11.738  2035  2084 W BroadcastQueue: Background execution not allowed: receiving Intent { act=android.intent.action.PACKAGE_REMOVED dat=package:com.android.todolist flg=0x4000011 (has extras) } to com.lbe.security.miui/com.lbe.security.service.BootReceiver
(standard input):48074:11-24 16:38:11.738  2035  2084 W BroadcastQueue: Background execution not allowed: receiving Intent { act=android.intent.action.PACKAGE_REMOVED dat=package:com.android.todolist flg=0x4000010 (has extras) } to com.alibaba.aliexpresshd/com.taobao.accs.EventReceiver
(standard input):48075:11-24 16:38:11.738  2035  2084 W BroadcastQueue: Background execution not allowed: receiving Intent { act=android.intent.action.PACKAGE_REMOVED dat=package:com.android.todolist flg=0x4000011 (has extras) } to com.android.settings/.search.provider.UpdateReceiver
(standard input):48076:11-24 16:38:11.739  2035  2084 W BroadcastQueue: Background execution not allowed: receiving Intent { act=android.intent.action.PACKAGE_REMOVED dat=package:com.android.todolist flg=0x4000010 (has extras) } to com.facebook.katana/com.facebook.feed.platformads.AppInstallReceiver
(standard input):48080:11-24 16:38:11.756  2035  2084 W BroadcastQueue: Background execution not allowed: receiving Intent { act=android.intent.action.PACKAGE_REMOVED dat=package:com.android.todolist flg=0x4000011 (has extras) } to com.android.vending/com.google.android.finsky.packagemanager.impl.PackageMonitorReceiverImpl$RegisteredReceiver
(standard input):48081:11-24 16:38:11.757  2035  2084 W BroadcastQueue: Background execution not allowed: receiving Intent { act=android.intent.action.PACKAGE_REMOVED dat=package:com.android.todolist flg=0x4000010 (has extras) } to com.microsoft.office.word/com.microsoft.android.crosssell.PackageStateReceiver
(standard input):48082:11-24 16:38:11.757  2035  2084 W BroadcastQueue: Background execution not allowed: receiving Intent { act=android.intent.action.PACKAGE_REMOVED dat=package:com.android.todolist flg=0x4000011 (has extras) } to com.android.vending/com.google.android.finsky.instantapps.appmanagement.InstantAppRemoveMonitor
(standard input):48083:11-24 16:38:11.757  2035  2084 W BroadcastQueue: Background execution not allowed: receiving Intent { act=android.intent.action.PACKAGE_REMOVED dat=package:com.android.todolist flg=0x4000010 (has extras) } to com.vkontakte.android/ru.mail.libverify.utils.PackageStateReceiver
(standard input):48084:11-24 16:38:11.757  2035  2084 W BroadcastQueue: Background execution not allowed: receiving Intent { act=android.intent.action.PACKAGE_REMOVED dat=package:com.android.todolist flg=0x4000011 (has extras) } to com.facebook.services/com.facebook.oxygen.services.fbns.RegisteredMqttSystemBroadcastReceiver
(standard input):48085:11-24 16:38:11.758  2035  2084 W BroadcastQueueInjector: Unable to launch app com.microsoft.office.word/10172 for broadcast Intent { act=android.intent.action.PACKAGE_FULLY_REMOVED dat=package:com.android.todolist flg=0x5000010 (has extras) }: process is not permitted to  auto start
(standard input):48086:11-24 16:38:11.758  2035  2084 W BroadcastQueue: Background execution not allowed: receiving Intent { act=android.intent.action.PACKAGE_REMOVED dat=package:com.android.todolist flg=0x4000011 (has extras) } to com.google.android.apps.maps/com.google.android.libraries.social.peoplekit.thirdparty.viewcontrollers.ThirdPartyReceiver
(standard input):48089:11-24 16:38:11.787  2035  2084 W BroadcastQueueInjector: Unable to launch app com.microsoft.office.word/10172 for broadcast Intent { act=android.intent.action.PACKAGE_FULLY_REMOVED dat=package:com.android.todolist flg=0x5000010 (has extras) }: process is not permitted to  auto start
(standard input):48090:11-24 16:38:11.787  2035  2084 W BroadcastQueue: Background execution not allowed: receiving Intent { act=android.intent.action.PACKAGE_REMOVED dat=package:com.android.todolist flg=0x4000011 (has extras) } to com.google.android.apps.photos/com.google.android.libraries.social.peoplekit.thirdparty.viewcontrollers.ThirdPartyReceiver
(standard input):48091:11-24 16:38:11.791  2035  2084 W BroadcastQueue: Background execution not allowed: receiving Intent { act=android.intent.action.PACKAGE_REMOVED dat=package:com.android.todolist flg=0x4000011 (has extras) } to com.google.android.gms/.games.chimera.GamesSystemBroadcastReceiverProxy
(standard input):48092:11-24 16:38:11.791  2035  2084 W BroadcastQueue: Background execution not allowed: receiving Intent { act=android.intent.action.PACKAGE_REMOVED dat=package:com.android.todolist flg=0x4000011 (has extras) } to com.google.android.gms/.chimera.GmsIntentOperationService$PersistentTrustedReceiver
(standard input):48093:11-24 16:38:11.791  2035  2084 W BroadcastQueue: Background execution not allowed: receiving Intent { act=android.intent.action.PACKAGE_REMOVED dat=package:com.android.todolist flg=0x4000011 (has extras) } to com.google.android.googlequicksearchbox/com.google.android.apps.gsa.googlequicksearchbox.GelStubAppWatcher
(standard input):48098:11-24 16:38:11.946  2035  6474 W BroadcastQueueInjector: Unable to launch app ru.yandex.yandexnavi/10152 for broadcast Intent { act=android.intent.action.PACKAGE_FULLY_REMOVED dat=package:com.android.todolist flg=0x5000010 (has extras) }: process is not permitted to  auto start
(standard input):48099:11-24 16:38:12.060  2035  6474 W BroadcastQueue: Background execution not allowed: receiving Intent { act=android.intent.action.PACKAGE_REMOVED dat=package:com.android.todolist flg=0x4000011 (has extras) } to com.miui.micloudsync/.push.MicloudPushServiceReceiver
(standard input):48100:11-24 16:38:12.060  2035  2084 W BroadcastQueue: Background execution not allowed: receiving Intent { act=android.intent.action.PACKAGE_REMOVED dat=package:com.android.todolist flg=0x4000011 (has extras) } to com.xiaomi.discover/com.xiaomi.market.data.MyPackageMonitor
(standard input):48101:11-24 16:38:12.061  2035  2084 W BroadcastQueue: Background execution not allowed: receiving Intent { act=android.intent.action.PACKAGE_REMOVED dat=package:com.android.todolist flg=0x4000011 (has extras) } to com.xiaomi.providers.appindex/.PackageChangeReceiver
(standard input):48102:11-24 16:38:12.061  2035  2084 W BroadcastQueue: Background execution not allowed: receiving Intent { act=android.intent.action.PACKAGE_REMOVED dat=package:com.android.todolist flg=0x4000011 (has extras) } to com.xiaomi.xmsf/.pushcontrol.PkgUninstallReceiver
(standard input):48103:11-24 16:38:12.061  2035  2084 W BroadcastQueue: Background execution not allowed: receiving Intent { act=android.intent.action.PACKAGE_REMOVED dat=package:com.android.todolist flg=0x4000011 (has extras) } to com.xiaomi.xmsf/com.xiaomi.push.service.receivers.PkgUninstallReceiver
(standard input):48110:11-24 16:38:12.708  2035  2035 I ConditionProviders: Disallowing condition provider com.android.todolist
(standard input):48111:11-24 16:38:12.918  2035  2084 W XSpaceManagerService: update XSpace App: packageName:com.android.todolist, user:UserHandle{0}, action:android.intent.action.PACKAGE_REMOVED
(standard input):50445:11-24 16:59:38.417  2035  2098 V BackupManagerService: restoreAtInstall pkg=com.android.todolist token=3d restoreSet=3f3ff4787edb360e
(standard input):50451:11-24 16:59:38.934  2035  2084 W BroadcastQueue: Background execution not allowed: receiving Intent { act=android.intent.action.PACKAGE_ADDED dat=package:com.android.todolist flg=0x4000011 (has extras) } to com.lbe.security.miui/com.lbe.security.service.BootReceiver
(standard input):50452:11-24 16:59:38.935  2035  2084 W BroadcastQueue: Background execution not allowed: receiving Intent { act=android.intent.action.PACKAGE_ADDED dat=package:com.android.todolist flg=0x4000010 (has extras) } to com.facebook.katana/com.facebook.feed.platformads.AppInstallReceiver
(standard input):50453:11-24 16:59:38.935  2035  2084 W BroadcastQueue: Background execution not allowed: receiving Intent { act=android.intent.action.PACKAGE_ADDED dat=package:com.android.todolist flg=0x4000011 (has extras) } to com.android.settings/.search.provider.UpdateReceiver
(standard input):50454:11-24 16:59:38.935  2035  2084 W BroadcastQueue: Background execution not allowed: receiving Intent { act=android.intent.action.PACKAGE_ADDED dat=package:com.android.todolist flg=0x4000010 (has extras) } to com.microsoft.office.word/com.microsoft.android.crosssell.PackageStateReceiver
(standard input):50455:11-24 16:59:38.935  2035  2084 W BroadcastQueue: Background execution not allowed: receiving Intent { act=android.intent.action.PACKAGE_ADDED dat=package:com.android.todolist flg=0x4000011 (has extras) } to com.android.vending/com.google.android.finsky.packagemanager.impl.PackageMonitorReceiverImpl$RegisteredReceiver
(standard input):50456:11-24 16:59:38.936  2035  2084 W BroadcastQueue: Background execution not allowed: receiving Intent { act=android.intent.action.PACKAGE_ADDED dat=package:com.android.todolist flg=0x4000010 (has extras) } to com.zhiliaoapp.musically/com.ss.android.common.applog.HotsoonReceiver
(standard input):50457:11-24 16:59:38.936  2035  2084 W BroadcastQueue: Background execution not allowed: receiving Intent { act=android.intent.action.PACKAGE_ADDED dat=package:com.android.todolist flg=0x4000011 (has extras) } to com.facebook.appmanager/com.facebook.oxygen.common.packages.event.manifest.ManifestPackageEventReceiver
(standard input):50461:11-24 16:59:38.946  2035  2084 W BroadcastQueue: Background execution not allowed: receiving Intent { act=android.intent.action.PACKAGE_ADDED dat=package:com.android.todolist flg=0x4000011 (has extras) } to com.google.android.gms/.games.chimera.GamesSystemBroadcastReceiverProxy
(standard input):50462:11-24 16:59:38.946  2035  2084 W BroadcastQueue: Background execution not allowed: receiving Intent { act=android.intent.action.PACKAGE_ADDED dat=package:com.android.todolist flg=0x4000011 (has extras) } to com.google.android.gms/.gass.chimera.PackageChangeBroadcastReceiver
(standard input):50463:11-24 16:59:38.951  2035  2248 I MiuiCompatModePackages: package com.android.todolist updated, removing config
(standard input):50464:11-24 16:59:38.951  2035  2084 W BroadcastQueue: Background execution not allowed: receiving Intent { act=android.intent.action.PACKAGE_ADDED dat=package:com.android.todolist flg=0x4000011 (has extras) } to com.google.android.gms/.chimera.GmsIntentOperationService$PersistentTrustedReceiver
(standard input):50465:11-24 16:59:38.951  2035  2084 W BroadcastQueue: Background execution not allowed: receiving Intent { act=android.intent.action.PACKAGE_ADDED dat=package:com.android.todolist flg=0x4000011 (has extras) } to com.google.android.googlequicksearchbox/com.google.android.apps.gsa.googlequicksearchbox.GelStubAppWatcher
(standard input):50470:11-24 16:59:39.251  2035  5471 W BroadcastQueue: Background execution not allowed: receiving Intent { act=android.intent.action.PACKAGE_ADDED dat=package:com.android.todolist flg=0x4000011 (has extras) } to com.miui.global.packageinstaller/.AppInstalledReceiver
(standard input):50471:11-24 16:59:39.252  2035  2084 W BroadcastQueue: Background execution not allowed: receiving Intent { act=android.intent.action.PACKAGE_ADDED dat=package:com.android.todolist flg=0x4000011 (has extras) } to com.miui.micloudsync/.push.MicloudPushServiceReceiver
(standard input):50472:11-24 16:59:39.254  2035  2084 W BroadcastQueue: Background execution not allowed: receiving Intent { act=android.intent.action.PACKAGE_ADDED dat=package:com.android.todolist flg=0x4000011 (has extras) } to com.xiaomi.discover/com.xiaomi.market.data.MyPackageMonitor
(standard input):50473:11-24 16:59:39.256  2035  2084 W BroadcastQueue: Background execution not allowed: receiving Intent { act=android.intent.action.PACKAGE_ADDED dat=package:com.android.todolist flg=0x4000011 (has extras) } to com.xiaomi.providers.appindex/.PackageChangeReceiver
(standard input):50480:11-24 16:59:40.706  2035  2084 W XSpaceManagerService: update XSpace App: packageName:com.android.todolist, user:UserHandle{0}, action:android.intent.action.PACKAGE_ADDED
(standard input):50746:11-24 17:02:17.432  2530  2530 I Timeline: Timeline: Activity_launch_request time:403045531 intent:Intent { act=android.intent.action.MAIN cat=[android.intent.category.LAUNCHER] flg=0x10200000 cmp=com.android.todolist/.MainActivity bnds=[871,1218][1022,1369] (has extras) }
(standard input):50747:11-24 17:02:17.451  2035  3665 I ActivityManager: START u0 {act=android.intent.action.MAIN cat=[android.intent.category.LAUNCHER] flg=0x10200000 cmp=com.android.todolist/.MainActivity bnds=[871,1218][1022,1369] (has extras)} from uid 10035
(standard input):50748:11-24 17:02:17.481  2035  3665 W WindowManager: Attempted to set focus to non-existing app token: Token{2044c1e ActivityRecord{839bcff u0 com.android.todolist/.MainActivity t45048}}
(standard input):50749:11-24 17:02:17.506  2035  3665 D Boost   : hostingType=activity, hostingName=com.android.todolist/.MainActivity, callerPackage=com.miui.home, isSystem=true, isBoostNeeded=false.
(standard input):50750:11-24 17:02:17.506  2035  3665 I ActivityManager: Start proc 18789:com.android.todolist/u0a182 for activity com.android.todolist/.MainActivity caller=com.miui.home
(standard input):50759:11-24 17:02:18.667  2035  2091 I Timeline: Timeline: Activity_windows_visible id: ActivityRecord{839bcff u0 com.android.todolist/.MainActivity t45048} time:403046766
(standard input):54175:11-24 17:45:17.095  2530  2530 D Launcher.CellLayout: touch item:ShortcutInfo, id=141, itemType=0, user=UserHandle{0}, mIconType=0, mTitle=To Do List, mLabel=To Do List, pkgName=com.android.todolist, className=com.android.todolist.MainActivity, screenId=3, container=-100, cellX=4, cellY=4, spanX=1, spanY=1, isLandscapePos=false
(standard input):54182:11-24 17:45:17.176  2530  2530 I Timeline: Timeline: Activity_launch_request time:405625694 intent:Intent { act=android.intent.action.MAIN cat=[android.intent.category.LAUNCHER] flg=0x10200000 cmp=com.android.todolist/.MainActivity bnds=[871,1218][1022,1369] (has extras) }
(standard input):54183:11-24 17:45:17.180  2035  2240 I ActivityManager: START u0 {act=android.intent.action.MAIN cat=[android.intent.category.LAUNCHER] flg=0x10200000 cmp=com.android.todolist/.MainActivity bnds=[871,1218][1022,1369] (has extras)} from uid 10035
(standard input):54189:11-24 17:45:17.268 30603 18607 I ProcessMonitor: onForegroundInfoChanged: ForegroundInfo{mForegroundPackageName='com.android.todolist', mForegroundUid=10182, mForegroundPid=18789, mLastForegroundPackageName='com.miui.home', mLastForegroundUid=10035, mLastForegroundPid=2530, mMultiWindowForegroundPackageName='null', mMultiWindowForegroundUid=-1, mFlags=0}
(standard input):54190:11-24 17:45:17.268 30603 18607 I GameBoosterService: onForegroundInfoChanged: Cur=com.android.todolist	 last
